Mon Jun 03 21:43:10 ART 2019  [debug] AvalonLogSystem initialized using logfile 'velocity.log'
Mon Jun 03 21:43:10 ART 2019   [info] ************************************************************** 
Mon Jun 03 21:43:10 ART 2019   [info] Starting Jakarta Velocity v1.4
Mon Jun 03 21:43:10 ART 2019   [info] RuntimeInstance initializing.
Mon Jun 03 21:43:10 ART 2019   [info] Default Properties File: org/apache/velocity/runtime/defaults/velocity.properties
Mon Jun 03 21:43:10 ART 2019   [info] Trying to use logger class org.apache.velocity.runtime.log.AvalonLogSystem
Mon Jun 03 21:43:10 ART 2019   [info] Using logger class org.apache.velocity.runtime.log.AvalonLogSystem
Mon Jun 03 21:43:10 ART 2019   [info] Default ResourceManager initializing. (class org.apache.velocity.runtime.resource.ResourceManagerImpl)
Mon Jun 03 21:43:10 ART 2019   [info] Resource Loader Instantiated: org.apache.velocity.runtime.resource.loader.ClasspathResourceLoader
Mon Jun 03 21:43:10 ART 2019   [info] ClasspathResourceLoader : initialization starting.
Mon Jun 03 21:43:10 ART 2019   [info] ClasspathResourceLoader : initialization complete.
Mon Jun 03 21:43:10 ART 2019   [info] ResourceCache : initialized. (class org.apache.velocity.runtime.resource.ResourceCacheImpl)
Mon Jun 03 21:43:10 ART 2019   [info] Default ResourceManager initialization complete.
Mon Jun 03 21:43:10 ART 2019   [info] Loaded System Directive: org.apache.velocity.runtime.directive.Literal
Mon Jun 03 21:43:10 ART 2019   [info] Loaded System Directive: org.apache.velocity.runtime.directive.Macro
Mon Jun 03 21:43:10 ART 2019   [info] Loaded System Directive: org.apache.velocity.runtime.directive.Parse
Mon Jun 03 21:43:10 ART 2019   [info] Loaded System Directive: org.apache.velocity.runtime.directive.Include
Mon Jun 03 21:43:10 ART 2019   [info] Loaded System Directive: org.apache.velocity.runtime.directive.Foreach
Mon Jun 03 21:43:10 ART 2019   [info] Created: 20 parsers.
Mon Jun 03 21:43:10 ART 2019   [info] Velocimacro : initialization starting.
Mon Jun 03 21:43:10 ART 2019   [info] Velocimacro : allowInline = true : VMs can be defined inline in templates
Mon Jun 03 21:43:10 ART 2019   [info] Velocimacro : allowInlineToOverride = false : VMs defined inline may NOT replace previous VM definitions
Mon Jun 03 21:43:10 ART 2019   [info] Velocimacro : allowInlineLocal = false : VMs defined inline will be  global in scope if allowed.
Mon Jun 03 21:43:10 ART 2019   [info] Velocimacro : messages on  : VM system will output logging messages
Mon Jun 03 21:43:10 ART 2019   [info] Velocimacro : autoload off  : VM system will not automatically reload global library macros
Mon Jun 03 21:43:10 ART 2019   [info] Velocimacro : initialization complete.
Mon Jun 03 21:43:10 ART 2019   [info] Velocity successfully started.
